[debug] [2022-03-13T10:45:49.123Z] ----------------------------------------------------------------------
[debug] [2022-03-13T10:45:49.130Z] Command:       O:\Downloads\Node JS\node.exe C:\Users\ansar\AppData\Roaming\npm\node_modules\firebase-tools\lib\bin\firebase.js emulators:start
[debug] [2022-03-13T10:45:49.131Z] CLI Version:   10.1.5
[debug] [2022-03-13T10:45:49.132Z] Platform:      win32
[debug] [2022-03-13T10:45:49.132Z] Node Version:  v16.14.0
[debug] [2022-03-13T10:45:49.135Z] Time:          Sun Mar 13 2022 16:15:49 GMT+0530 (India Standard Time)
[debug] [2022-03-13T10:45:49.136Z] ----------------------------------------------------------------------
[debug] 
[debug] [2022-03-13T10:45:49.178Z] >>> [apiv2][query] GET https://firebase-public.firebaseio.com/cli.json [none]
[debug] [2022-03-13T10:45:49.530Z] > command requires scopes: ["email","openid","https://www.googleapis.com/auth/cloudplatformprojects.readonly","https://www.googleapis.com/auth/firebase","https://www.googleapis.com/auth/cloud-platform"]
[debug] [2022-03-13T10:45:49.531Z] > authorizing via signed-in user (ansarideveloper192@gmail.com)
[info] i  emulators: Starting emulators: functions, hosting {"metadata":{"emulator":{"name":"hub"},"message":"Starting emulators: functions, hosting"}}
[debug] [2022-03-13T10:45:49.658Z] [hub] writing locator at C:\Users\ansar\AppData\Local\Temp\hub-clone-a57ec.json
[warn] !  functions: The following emulators are not running, calls to these services from the Functions emulator will affect production: auth, firestore, database, pubsub, storage {"metadata":{"emulator":{"name":"functions"},"message":"The following emulators are not running, calls to these services from the Functions emulator will affect production: \u001b[1mauth, firestore, database, pubsub, storage\u001b[22m"}}
[info] +  functions: Using node@16 from host. {"metadata":{"emulator":{"name":"functions"},"message":"Using node@16 from host."}}
[debug] [2022-03-13T10:45:49.731Z] defaultcredentials: writing to file C:\Users\ansar\AppData\Roaming\firebase\ansarideveloper192_gmail_com_application_default_credentials.json
[debug] [2022-03-13T10:45:49.735Z] Setting GAC to C:\Users\ansar\AppData\Roaming\firebase\ansarideveloper192_gmail_com_application_default_credentials.json {"metadata":{"emulator":{"name":"functions"},"message":"Setting GAC to C:\\Users\\ansar\\AppData\\Roaming\\firebase\\ansarideveloper192_gmail_com_application_default_credentials.json"}}
[debug] [2022-03-13T10:45:49.740Z] > refreshing access token with scopes: []
[debug] [2022-03-13T10:45:49.744Z] >>> HTTP REQUEST POST https://www.googleapis.com/oauth2/v3/token  
 <request body omitted>
[debug] [2022-03-13T10:45:49.963Z] <<< HTTP RESPONSE 200 {"date":"Sun, 13 Mar 2022 10:45:50 GMT","cache-control":"no-cache, no-store, max-age=0, must-revalidate","pragma":"no-cache","expires":"Mon, 01 Jan 1990 00:00:00 GMT","content-type":"application/json; charset=utf-8","vary":"X-Origin, Referer, Origin,Accept-Encoding","server":"scaffolding on HTTPServer2","x-xss-protection":"0","x-frame-options":"SAMEORIGIN","x-content-type-options":"nosniff","alt-svc":"h3=\":443\"; ma=2592000,h3-29=\":443\"; ma=2592000,h3-Q050=\":443\"; ma=2592000,h3-Q046=\":443\"; ma=2592000,h3-Q043=\":443\"; ma=2592000,quic=\":443\"; ma=2592000; v=\"46,43\"","accept-ranges":"none","transfer-encoding":"chunked"}
[debug] [2022-03-13T10:45:50.026Z] >>> [apiv2][query] GET https://firebase.googleapis.com/v1beta1/projects/clone-a57ec/adminSdkConfig [none]
[debug] [2022-03-13T10:45:50.461Z] <<< [apiv2][status] GET https://firebase-public.firebaseio.com/cli.json 200
[debug] [2022-03-13T10:45:50.462Z] <<< [apiv2][body] GET https://firebase-public.firebaseio.com/cli.json {"cloudBuildErrorAfter":1594252800000,"cloudBuildWarnAfter":1590019200000,"defaultNode10After":1594252800000,"minVersion":"3.0.5","node8DeploysDisabledAfter":1613390400000,"node8RuntimeDisabledAfter":1615809600000,"node8WarnAfter":1600128000000}
[debug] [2022-03-13T10:45:50.556Z] <<< [apiv2][status] GET https://firebase.googleapis.com/v1beta1/projects/clone-a57ec/adminSdkConfig 200
[debug] [2022-03-13T10:45:50.557Z] <<< [apiv2][body] GET https://firebase.googleapis.com/v1beta1/projects/clone-a57ec/adminSdkConfig {"projectId":"clone-a57ec","storageBucket":"clone-a57ec.appspot.com","locationId":"us-central"}
[debug] [2022-03-13T10:45:50.632Z] >>> [apiv2][query] GET https://firebasehosting.googleapis.com/v1beta1/projects/clone-a57ec/sites 
[debug] [2022-03-13T10:45:52.628Z] <<< [apiv2][status] GET https://firebasehosting.googleapis.com/v1beta1/projects/clone-a57ec/sites 200
[debug] [2022-03-13T10:45:52.629Z] <<< [apiv2][body] GET https://firebasehosting.googleapis.com/v1beta1/projects/clone-a57ec/sites {"sites":[{"name":"projects/695879714498/sites/clone-a57ec","defaultUrl":"https://clone-a57ec.web.app","appId":"1:695879714498:web:e8b0b7742a705fea6bdd5b","type":"DEFAULT_SITE"}]}
[debug] [2022-03-13T10:45:52.630Z] >>> [apiv2][query] GET https://firebase.googleapis.com/v1beta1/projects/clone-a57ec/webApps/1:695879714498:web:e8b0b7742a705fea6bdd5b/config [none]
[debug] [2022-03-13T10:45:54.361Z] <<< [apiv2][status] GET https://firebase.googleapis.com/v1beta1/projects/clone-a57ec/webApps/1:695879714498:web:e8b0b7742a705fea6bdd5b/config 200
[debug] [2022-03-13T10:45:54.362Z] <<< [apiv2][body] GET https://firebase.googleapis.com/v1beta1/projects/clone-a57ec/webApps/1:695879714498:web:e8b0b7742a705fea6bdd5b/config {"projectId":"clone-a57ec","appId":"1:695879714498:web:e8b0b7742a705fea6bdd5b","storageBucket":"clone-a57ec.appspot.com","locationId":"us-central","apiKey":"AIzaSyBVSZB-xXvvzsQzcoKaaLUf1T57DpAGWYc","authDomain":"clone-a57ec.firebaseapp.com","messagingSenderId":"695879714498"}
[info] i  hosting: Serving hosting files from: build {"metadata":{"emulator":{"name":"hosting"},"message":"Serving hosting files from: \u001b[1mbuild\u001b[22m"}}
[info] +  hosting: Local server: http://localhost:5000 {"metadata":{"emulator":{"name":"hosting"},"message":"Local server: \u001b[4m\u001b[1mhttp://localhost:5000\u001b[22m\u001b[24m"}}
[debug] [2022-03-13T10:45:54.644Z] Ignoring unsupported arg: auto_download {"metadata":{"emulator":{"name":"ui"},"message":"Ignoring unsupported arg: auto_download"}}
[debug] [2022-03-13T10:45:54.645Z] Ignoring unsupported arg: port {"metadata":{"emulator":{"name":"ui"},"message":"Ignoring unsupported arg: port"}}
[debug] [2022-03-13T10:45:54.645Z] Starting Emulator UI with command {"binary":"node","args":["C:\\Users\\ansar\\.cache\\firebase\\emulators\\ui-v1.6.4\\server.bundle.js"],"optionalArgs":[],"joinArgs":false} {"metadata":{"emulator":{"name":"ui"},"message":"Starting Emulator UI with command {\"binary\":\"node\",\"args\":[\"C:\\\\Users\\\\ansar\\\\.cache\\\\firebase\\\\emulators\\\\ui-v1.6.4\\\\server.bundle.js\"],\"optionalArgs\":[],\"joinArgs\":false}"}}
[info] i  ui: Emulator UI logging to ui-debug.log {"metadata":{"emulator":{"name":"ui"},"message":"Emulator UI logging to \u001b[1mui-debug.log\u001b[22m"}}
[debug] [2022-03-13T10:45:55.268Z] Web / API server started at localhost:4000
 {"metadata":{"emulator":{"name":"ui"},"message":"Web / API server started at localhost:4000\n"}}
[info] i  functions: Watching "O:\Development and Coding\Web Development Training\amazon-project-v1\amazon-clone\functions" for Cloud Functions... {"metadata":{"emulator":{"name":"functions"},"message":"Watching \"O:\\Development and Coding\\Web Development Training\\amazon-project-v1\\amazon-clone\\functions\" for Cloud Functions..."}}
[debug] [2022-03-13T10:45:55.496Z] [worker-pool] addWorker(~diagnostic~) {"metadata":{"emulator":{"name":"functions"},"message":"[worker-pool] addWorker(~diagnostic~)"}}
[debug] [2022-03-13T10:45:55.497Z] [worker-pool] Adding worker with key ~diagnostic~, total=1 {"metadata":{"emulator":{"name":"functions"},"message":"[worker-pool] Adding worker with key ~diagnostic~, total=1"}}
[debug] [2022-03-13T10:45:55.497Z] [worker-pool] submitWork(triggerId=) {"metadata":{"emulator":{"name":"functions"},"message":"[worker-pool] submitWork(triggerId=)"}}
[debug] [2022-03-13T10:45:55.499Z] [worker-~diagnostic~-072a0519-6951-4216-8dae-a42463a85b02]: Assigning socketPath: \\?\pipe\O:\Development and Coding\Web Development Training\amazon-project-v1\amazon-clone\functions\8284 {"metadata":{"emulator":{"name":"functions"},"message":"[worker-~diagnostic~-072a0519-6951-4216-8dae-a42463a85b02]: Assigning socketPath: \\\\?\\pipe\\O:\\Development and Coding\\Web Development Training\\amazon-project-v1\\amazon-clone\\functions\\8284"}}
[debug] [2022-03-13T10:45:55.500Z] [worker-~diagnostic~-072a0519-6951-4216-8dae-a42463a85b02]: BUSY {"metadata":{"emulator":{"name":"functions"},"message":"[worker-~diagnostic~-072a0519-6951-4216-8dae-a42463a85b02]: BUSY"}}
[debug] [2022-03-13T10:45:56.164Z] [runtime-status] [8284] Functions runtime initialized. {"cwd":"O:\\Development and Coding\\Web Development Training\\amazon-project-v1\\amazon-clone\\functions","node_version":"16.14.0"} {"metadata":{"emulator":{"name":"functions"},"message":"[runtime-status] [8284] Functions runtime initialized. {\"cwd\":\"O:\\\\Development and Coding\\\\Web Development Training\\\\amazon-project-v1\\\\amazon-clone\\\\functions\",\"node_version\":\"16.14.0\"}"}}
[debug] [2022-03-13T10:45:56.166Z] [runtime-status] [8284] Disabled runtime features: undefined {"metadata":{"emulator":{"name":"functions"},"message":"[runtime-status] [8284] Disabled runtime features: undefined"}}
[debug] [2022-03-13T10:45:56.191Z] [runtime-status] [8284] Resolved module firebase-admin {"declared":true,"installed":true,"version":"9.12.0","resolution":"O:\\Development and Coding\\Web Development Training\\amazon-project-v1\\amazon-clone\\functions\\node_modules\\firebase-admin\\lib\\index.js"} {"metadata":{"emulator":{"name":"functions"},"message":"[runtime-status] [8284] Resolved module firebase-admin {\"declared\":true,\"installed\":true,\"version\":\"9.12.0\",\"resolution\":\"O:\\\\Development and Coding\\\\Web Development Training\\\\amazon-project-v1\\\\amazon-clone\\\\functions\\\\node_modules\\\\firebase-admin\\\\lib\\\\index.js\"}"}}
[debug] [2022-03-13T10:45:56.216Z] [runtime-status] [8284] Resolved module firebase-functions {"declared":true,"installed":true,"version":"3.18.0","resolution":"O:\\Development and Coding\\Web Development Training\\amazon-project-v1\\amazon-clone\\functions\\node_modules\\firebase-functions\\lib\\index.js"} {"metadata":{"emulator":{"name":"functions"},"message":"[runtime-status] [8284] Resolved module firebase-functions {\"declared\":true,\"installed\":true,\"version\":\"3.18.0\",\"resolution\":\"O:\\\\Development and Coding\\\\Web Development Training\\\\amazon-project-v1\\\\amazon-clone\\\\functions\\\\node_modules\\\\firebase-functions\\\\lib\\\\index.js\"}"}}
[debug] [2022-03-13T10:45:56.225Z] [runtime-status] [8284] Outgoing network have been stubbed. [{"name":"http","status":"mocked"},{"name":"http","status":"mocked"},{"name":"https","status":"mocked"},{"name":"https","status":"mocked"},{"name":"net","status":"mocked"}] {"metadata":{"emulator":{"name":"functions"},"message":"[runtime-status] [8284] Outgoing network have been stubbed. [{\"name\":\"http\",\"status\":\"mocked\"},{\"name\":\"http\",\"status\":\"mocked\"},{\"name\":\"https\",\"status\":\"mocked\"},{\"name\":\"https\",\"status\":\"mocked\"},{\"name\":\"net\",\"status\":\"mocked\"}]"}}
[debug] [2022-03-13T10:45:56.230Z] [runtime-status] [8284] Resolved module firebase-functions {"declared":true,"installed":true,"version":"3.18.0","resolution":"O:\\Development and Coding\\Web Development Training\\amazon-project-v1\\amazon-clone\\functions\\node_modules\\firebase-functions\\lib\\index.js"} {"metadata":{"emulator":{"name":"functions"},"message":"[runtime-status] [8284] Resolved module firebase-functions {\"declared\":true,\"installed\":true,\"version\":\"3.18.0\",\"resolution\":\"O:\\\\Development and Coding\\\\Web Development Training\\\\amazon-project-v1\\\\amazon-clone\\\\functions\\\\node_modules\\\\firebase-functions\\\\lib\\\\index.js\"}"}}
[debug] [2022-03-13T10:45:57.743Z] [runtime-status] [8284] Checked functions.config() {"config":{}} {"metadata":{"emulator":{"name":"functions"},"message":"[runtime-status] [8284] Checked functions.config() {\"config\":{}}"}}
[debug] [2022-03-13T10:45:57.746Z] [runtime-status] [8284] firebase-functions has been stubbed. {"functionsResolution":{"declared":true,"installed":true,"version":"3.18.0","resolution":"O:\\Development and Coding\\Web Development Training\\amazon-project-v1\\amazon-clone\\functions\\node_modules\\firebase-functions\\lib\\index.js"}} {"metadata":{"emulator":{"name":"functions"},"message":"[runtime-status] [8284] firebase-functions has been stubbed. {\"functionsResolution\":{\"declared\":true,\"installed\":true,\"version\":\"3.18.0\",\"resolution\":\"O:\\\\Development and Coding\\\\Web Development Training\\\\amazon-project-v1\\\\amazon-clone\\\\functions\\\\node_modules\\\\firebase-functions\\\\lib\\\\index.js\"}}"}}
[debug] [2022-03-13T10:45:57.751Z] [runtime-status] [8284] Resolved module firebase-functions {"declared":true,"installed":true,"version":"3.18.0","resolution":"O:\\Development and Coding\\Web Development Training\\amazon-project-v1\\amazon-clone\\functions\\node_modules\\firebase-functions\\lib\\index.js"} {"metadata":{"emulator":{"name":"functions"},"message":"[runtime-status] [8284] Resolved module firebase-functions {\"declared\":true,\"installed\":true,\"version\":\"3.18.0\",\"resolution\":\"O:\\\\Development and Coding\\\\Web Development Training\\\\amazon-project-v1\\\\amazon-clone\\\\functions\\\\node_modules\\\\firebase-functions\\\\lib\\\\index.js\"}"}}
[debug] [2022-03-13T10:45:57.757Z] [runtime-status] [8284] Resolved module firebase-admin {"declared":true,"installed":true,"version":"9.12.0","resolution":"O:\\Development and Coding\\Web Development Training\\amazon-project-v1\\amazon-clone\\functions\\node_modules\\firebase-admin\\lib\\index.js"} {"metadata":{"emulator":{"name":"functions"},"message":"[runtime-status] [8284] Resolved module firebase-admin {\"declared\":true,\"installed\":true,\"version\":\"9.12.0\",\"resolution\":\"O:\\\\Development and Coding\\\\Web Development Training\\\\amazon-project-v1\\\\amazon-clone\\\\functions\\\\node_modules\\\\firebase-admin\\\\lib\\\\index.js\"}"}}
[debug] [2022-03-13T10:45:57.760Z] [runtime-status] [8284] Resolved module firebase-functions {"declared":true,"installed":true,"version":"3.18.0","resolution":"O:\\Development and Coding\\Web Development Training\\amazon-project-v1\\amazon-clone\\functions\\node_modules\\firebase-functions\\lib\\index.js"} {"metadata":{"emulator":{"name":"functions"},"message":"[runtime-status] [8284] Resolved module firebase-functions {\"declared\":true,\"installed\":true,\"version\":\"3.18.0\",\"resolution\":\"O:\\\\Development and Coding\\\\Web Development Training\\\\amazon-project-v1\\\\amazon-clone\\\\functions\\\\node_modules\\\\firebase-functions\\\\lib\\\\index.js\"}"}}
[debug] [2022-03-13T10:45:57.761Z] [runtime-status] [8284] firebase-admin has been stubbed. {"adminResolution":{"declared":true,"installed":true,"version":"9.12.0","resolution":"O:\\Development and Coding\\Web Development Training\\amazon-project-v1\\amazon-clone\\functions\\node_modules\\firebase-admin\\lib\\index.js"}} {"metadata":{"emulator":{"name":"functions"},"message":"[runtime-status] [8284] firebase-admin has been stubbed. {\"adminResolution\":{\"declared\":true,\"installed\":true,\"version\":\"9.12.0\",\"resolution\":\"O:\\\\Development and Coding\\\\Web Development Training\\\\amazon-project-v1\\\\amazon-clone\\\\functions\\\\node_modules\\\\firebase-admin\\\\lib\\\\index.js\"}}"}}
